app/build/intermediates/manifest_merge_blame_file/debug/manifest-merger-blame-debug-report.txt
1<?xml version="1.0" encoding="utf-8"?>
2<manifest xmlns:android="http://schemas.android.com/apk/res/android"
3    package="com.example.researchtovideo"
4    android:versionCode="1"
5    android:versionName="1.0" >
6
7    <uses-sdk
8        android:minSdkVersion="21"
9        android:targetSdkVersion="34" />
10
11    <uses-permission android:name="android.permission.INTERNET" />
11-->src/main/AndroidManifest.xml:4:5-67
11-->src/main/AndroidManifest.xml:4:22-64
12    <uses-permission android:name="android.permission.WAKE_LOCK" />
12-->[androidx.work:work-runtime:2.9.0] AndroidManifest.xml:23:5-68
12-->[androidx.work:work-runtime:2.9.0] AndroidManifest.xml:23:22-65
13    <uses-permission android:name="android.permission.ACCESS_NETWORK_STATE" />
13-->[androidx.work:work-runtime:2.9.0] AndroidManifest.xml:24:5-79
13-->[androidx.work:work-runtime:2.9.0] AndroidManifest.xml:24:22-76
14    <uses-permission android:name="android.permission.RECEIVE_BOOT_COMPLETED" />
14-->[androidx.work:work-runtime:2.9.0] AndroidManifest.xml:25:5-81
14-->[androidx.work:work-runtime:2.9.0] AndroidManifest.xml:25:22-78
15    <uses-permission android:name="android.permission.FOREGROUND_SERVICE" />
15-->[androidx.work:work-runtime:2.9.0] AndroidManifest.xml:26:5-77
15-->[androidx.work:work-runtime:2.9.0] AndroidManifest.xml:26:22-74
16
17    <permission
17-->[androidx.core:core:1.13.0] AndroidManifest.xml:22:5-24:47
18        android:name="com.example.researchtovideo.DYNAMIC_RECEIVER_NOT_EXPORTED_PERMISSION"
18-->[androidx.core:core:1.13.0] AndroidManifest.xml:23:9-81
19        android:protectionLevel="signature" />
19-->[androidx.core:core:1.13.0] AndroidManifest.xml:24:9-44
20
21    <uses-permission android:name="com.example.researchtovideo.DYNAMIC_RECEIVER_NOT_EXPORTED_PERMISSION" /> <!-- To store the heap dumps and leak analysis results. -->
21-->[androidx.core:core:1.13.0] AndroidManifest.xml:26:5-97
21-->[androidx.core:core:1.13.0] AndroidManifest.xml:26:22-94
22    <uses-permission android:name="android.permission.READ_EXTERNAL_STORAGE" />
22-->[com.squareup.leakcanary:leakcanary-android-core:2.13] AndroidManifest.xml:25:5-80
22-->[com.squareup.leakcanary:leakcanary-android-core:2.13] AndroidManifest.xml:25:22-77
23    <uses-permission android:name="android.permission.WRITE_EXTERNAL_STORAGE" /> <!-- To allow posting notifications on Android 13 -->
23-->[com.squareup.leakcanary:leakcanary-android-core:2.13] AndroidManifest.xml:26:5-81
23-->[com.squareup.leakcanary:leakcanary-android-core:2.13] AndroidManifest.xml:26:22-78
24    <uses-permission android:name="android.permission.POST_NOTIFICATIONS" />
24-->[com.squareup.leakcanary:leakcanary-android-core:2.13] AndroidManifest.xml:29:5-77
24-->[com.squareup.leakcanary:leakcanary-android-core:2.13] AndroidManifest.xml:29:22-74
25
26    <application
26-->src/main/AndroidManifest.xml:6:5-22:19
27        android:name="com.example.researchtovideo.ResearchToVideoApp"
27-->src/main/AndroidManifest.xml:7:9-43
28        android:allowBackup="true"
28-->src/main/AndroidManifest.xml:8:9-35
29        android:appComponentFactory="androidx.core.app.CoreComponentFactory"
29-->[androidx.core:core:1.13.0] AndroidManifest.xml:28:18-86
30        android:debuggable="true"
31        android:extractNativeLibs="true"
32        android:icon="@mipmap/ic_launcher"
32-->src/main/AndroidManifest.xml:9:9-43
33        android:label="@string/app_name"
33-->src/main/AndroidManifest.xml:10:9-41
34        android:supportsRtl="true"
34-->src/main/AndroidManifest.xml:11:9-35
35        android:theme="@style/Theme.ResearchToVideo" >
35-->src/main/AndroidManifest.xml:12:9-53
36        <activity
36-->src/main/AndroidManifest.xml:13:9-21:20
37            android:name="com.example.researchtovideo.ui.MainActivity"
37-->src/main/AndroidManifest.xml:14:13-44
38            android:exported="true"
38-->src/main/AndroidManifest.xml:15:13-36
39            android:theme="@style/Theme.ResearchToVideo" >
39-->src/main/AndroidManifest.xml:16:13-57
40            <intent-filter>
40-->src/main/AndroidManifest.xml:17:13-20:29
41                <action android:name="android.intent.action.MAIN" />
41-->src/main/AndroidManifest.xml:18:17-69
41-->src/main/AndroidManifest.xml:18:25-66
42
43                <category android:name="android.intent.category.LAUNCHER" />
43-->src/main/AndroidManifest.xml:19:17-77
43-->src/main/AndroidManifest.xml:19:27-74
44            </intent-filter>
45        </activity>
46
47        <provider
47-->[androidx.emoji2:emoji2:1.3.0] AndroidManifest.xml:24:9-32:20
48            android:name="androidx.startup.InitializationProvider"
48-->[androidx.emoji2:emoji2:1.3.0] AndroidManifest.xml:25:13-67
49            android:authorities="com.example.researchtovideo.androidx-startup"
49-->[androidx.emoji2:emoji2:1.3.0] AndroidManifest.xml:26:13-68
50            android:exported="false" >
50-->[androidx.emoji2:emoji2:1.3.0] AndroidManifest.xml:27:13-37
51            <meta-data
51-->[androidx.emoji2:emoji2:1.3.0] AndroidManifest.xml:29:13-31:52
52                android:name="androidx.emoji2.text.EmojiCompatInitializer"
52-->[androidx.emoji2:emoji2:1.3.0] AndroidManifest.xml:30:17-75
53                android:value="androidx.startup" />
53-->[androidx.emoji2:emoji2:1.3.0] AndroidManifest.xml:31:17-49
54            <meta-data
54-->[androidx.work:work-runtime:2.9.0] AndroidManifest.xml:34:13-36:52
55                android:name="androidx.work.WorkManagerInitializer"
55-->[androidx.work:work-runtime:2.9.0] AndroidManifest.xml:35:17-68
56                android:value="androidx.startup" />
56-->[androidx.work:work-runtime:2.9.0] AndroidManifest.xml:36:17-49
57            <meta-data
57-->[androidx.lifecycle:lifecycle-process:2.8.0] AndroidManifest.xml:29:13-31:52
58                android:name="androidx.lifecycle.ProcessLifecycleInitializer"
58-->[androidx.lifecycle:lifecycle-process:2.8.0] AndroidManifest.xml:30:17-78
59                android:value="androidx.startup" />
59-->[androidx.lifecycle:lifecycle-process:2.8.0] AndroidManifest.xml:31:17-49
60            <meta-data
60-->[androidx.profileinstaller:profileinstaller:1.3.1] AndroidManifest.xml:29:13-31:52
61                android:name="androidx.profileinstaller.ProfileInstallerInitializer"
61-->[androidx.profileinstaller:profileinstaller:1.3.1] AndroidManifest.xml:30:17-85
62                android:value="androidx.startup" />
62-->[androidx.profileinstaller:profileinstaller:1.3.1] AndroidManifest.xml:31:17-49
63        </provider>
64
65        <service
65-->[androidx.work:work-runtime:2.9.0] AndroidManifest.xml:39:9-45:35
66            android:name="androidx.work.impl.background.systemalarm.SystemAlarmService"
66-->[androidx.work:work-runtime:2.9.0] AndroidManifest.xml:40:13-88
67            android:directBootAware="false"
67-->[androidx.work:work-runtime:2.9.0] AndroidManifest.xml:41:13-44
68            android:enabled="@bool/enable_system_alarm_service_default"
68-->[androidx.work:work-runtime:2.9.0] AndroidManifest.xml:42:13-72
69            android:exported="false" />
69-->[androidx.work:work-runtime:2.9.0] AndroidManifest.xml:43:13-37
70        <service
70-->[androidx.work:work-runtime:2.9.0] AndroidManifest.xml:46:9-52:35
71            android:name="androidx.work.impl.background.systemjob.SystemJobService"
71-->[androidx.work:work-runtime:2.9.0] AndroidManifest.xml:47:13-84
72            android:directBootAware="false"
72-->[androidx.work:work-runtime:2.9.0] AndroidManifest.xml:48:13-44
73            android:enabled="@bool/enable_system_job_service_default"
73-->[androidx.work:work-runtime:2.9.0] AndroidManifest.xml:49:13-70
74            android:exported="true"
74-->[androidx.work:work-runtime:2.9.0] AndroidManifest.xml:50:13-36
75            android:permission="android.permission.BIND_JOB_SERVICE" />
75-->[androidx.work:work-runtime:2.9.0] AndroidManifest.xml:51:13-69
76        <service
76-->[androidx.work:work-runtime:2.9.0] AndroidManifest.xml:53:9-59:35
77            android:name="androidx.work.impl.foreground.SystemForegroundService"
77-->[androidx.work:work-runtime:2.9.0] AndroidManifest.xml:54:13-81
78            android:directBootAware="false"
78-->[androidx.work:work-runtime:2.9.0] AndroidManifest.xml:55:13-44
79            android:enabled="@bool/enable_system_foreground_service_default"
79-->[androidx.work:work-runtime:2.9.0] AndroidManifest.xml:56:13-77
80            android:exported="false" />
80-->[androidx.work:work-runtime:2.9.0] AndroidManifest.xml:57:13-37
81
82        <receiver
82-->[androidx.work:work-runtime:2.9.0] AndroidManifest.xml:61:9-66:35
83            android:name="androidx.work.impl.utils.ForceStopRunnable$BroadcastReceiver"
83-->[androidx.work:work-runtime:2.9.0] AndroidManifest.xml:62:13-88
84            android:directBootAware="false"
84-->[androidx.work:work-runtime:2.9.0] AndroidManifest.xml:63:13-44
85            android:enabled="true"
85-->[androidx.work:work-runtime:2.9.0] AndroidManifest.xml:64:13-35
86            android:exported="false" />
86-->[androidx.work:work-runtime:2.9.0] AndroidManifest.xml:65:13-37
87        <receiver
87-->[androidx.work:work-runtime:2.9.0] AndroidManifest.xml:67:9-77:20
88            android:name="androidx.work.impl.background.systemalarm.ConstraintProxy$BatteryChargingProxy"
88-->[androidx.work:work-runtime:2.9.0] AndroidManifest.xml:68:13-106
89            android:directBootAware="false"
89-->[androidx.work:work-runtime:2.9.0] AndroidManifest.xml:69:13-44
90            android:enabled="false"
90-->[androidx.work:work-runtime:2.9.0] AndroidManifest.xml:70:13-36
91            android:exported="false" >
91-->[androidx.work:work-runtime:2.9.0] AndroidManifest.xml:71:13-37
92            <intent-filter>
92-->[androidx.work:work-runtime:2.9.0] AndroidManifest.xml:73:13-76:29
93                <action android:name="android.intent.action.ACTION_POWER_CONNECTED" />
93-->[androidx.work:work-runtime:2.9.0] AndroidManifest.xml:74:17-87
93-->[androidx.work:work-runtime:2.9.0] AndroidManifest.xml:74:25-84
94                <action android:name="android.intent.action.ACTION_POWER_DISCONNECTED" />
94-->[androidx.work:work-runtime:2.9.0] AndroidManifest.xml:75:17-90
94-->[androidx.work:work-runtime:2.9.0] AndroidManifest.xml:75:25-87
95            </intent-filter>
96        </receiver>
97        <receiver
97-->[androidx.work:work-runtime:2.9.0] AndroidManifest.xml:78:9-88:20
98            android:name="androidx.work.impl.background.systemalarm.ConstraintProxy$BatteryNotLowProxy"
98-->[androidx.work:work-runtime:2.9.0] AndroidManifest.xml:79:13-104
99            android:directBootAware="false"
99-->[androidx.work:work-runtime:2.9.0] AndroidManifest.xml:80:13-44
100            android:enabled="false"
100-->[androidx.work:work-runtime:2.9.0] AndroidManifest.xml:81:13-36
101            android:exported="false" >
101-->[androidx.work:work-runtime:2.9.0] AndroidManifest.xml:82:13-37
102            <intent-filter>
102-->[androidx.work:work-runtime:2.9.0] AndroidManifest.xml:84:13-87:29
103                <action android:name="android.intent.action.BATTERY_OKAY" />
103-->[androidx.work:work-runtime:2.9.0] AndroidManifest.xml:85:17-77
103-->[androidx.work:work-runtime:2.9.0] AndroidManifest.xml:85:25-74
104                <action android:name="android.intent.action.BATTERY_LOW" />
104-->[androidx.work:work-runtime:2.9.0] AndroidManifest.xml:86:17-76
104-->[androidx.work:work-runtime:2.9.0] AndroidManifest.xml:86:25-73
105            </intent-filter>
106        </receiver>
107        <receiver
107-->[androidx.work:work-runtime:2.9.0] AndroidManifest.xml:89:9-99:20
108            android:name="androidx.work.impl.background.systemalarm.ConstraintProxy$StorageNotLowProxy"
108-->[androidx.work:work-runtime:2.9.0] AndroidManifest.xml:90:13-104
109            android:directBootAware="false"
109-->[androidx.work:work-runtime:2.9.0] AndroidManifest.xml:91:13-44
110            android:enabled="false"
110-->[androidx.work:work-runtime:2.9.0] AndroidManifest.xml:92:13-36
111            android:exported="false" >
111-->[androidx.work:work-runtime:2.9.0] AndroidManifest.xml:93:13-37
112            <intent-filter>
112-->[androidx.work:work-runtime:2.9.0] AndroidManifest.xml:95:13-98:29
113                <action android:name="android.intent.action.DEVICE_STORAGE_LOW" />
113-->[androidx.work:work-runtime:2.9.0] AndroidManifest.xml:96:17-83
113-->[androidx.work:work-runtime:2.9.0] AndroidManifest.xml:96:25-80
114                <action android:name="android.intent.action.DEVICE_STORAGE_OK" />
114-->[androidx.work:work-runtime:2.9.0] AndroidManifest.xml:97:17-82
114-->[androidx.work:work-runtime:2.9.0] AndroidManifest.xml:97:25-79
115            </intent-filter>
116        </receiver>
117        <receiver
117-->[androidx.work:work-runtime:2.9.0] AndroidManifest.xml:100:9-109:20
118            android:name="androidx.work.impl.background.systemalarm.ConstraintProxy$NetworkStateProxy"
118-->[androidx.work:work-runtime:2.9.0] AndroidManifest.xml:101:13-103
119            android:directBootAware="false"
119-->[androidx.work:work-runtime:2.9.0] AndroidManifest.xml:102:13-44
120            android:enabled="false"
120-->[androidx.work:work-runtime:2.9.0] AndroidManifest.xml:103:13-36
121            android:exported="false" >
121-->[androidx.work:work-runtime:2.9.0] AndroidManifest.xml:104:13-37
122            <intent-filter>
122-->[androidx.work:work-runtime:2.9.0] AndroidManifest.xml:106:13-108:29
123                <action android:name="android.net.conn.CONNECTIVITY_CHANGE" />
123-->[androidx.work:work-runtime:2.9.0] AndroidManifest.xml:107:17-79
123-->[androidx.work:work-runtime:2.9.0] AndroidManifest.xml:107:25-76
124            </intent-filter>
125        </receiver>
126        <receiver
126-->[androidx.work:work-runtime:2.9.0] AndroidManifest.xml:110:9-121:20
127            android:name="androidx.work.impl.background.systemalarm.RescheduleReceiver"
127-->[androidx.work:work-runtime:2.9.0] AndroidManifest.xml:111:13-88
128            android:directBootAware="false"
128-->[androidx.work:work-runtime:2.9.0] AndroidManifest.xml:112:13-44
129            android:enabled="false"
129-->[androidx.work:work-runtime:2.9.0] AndroidManifest.xml:113:13-36
130            android:exported="false" >
130-->[androidx.work:work-runtime:2.9.0] AndroidManifest.xml:114:13-37
131            <intent-filter>
131-->[androidx.work:work-runtime:2.9.0] AndroidManifest.xml:116:13-120:29
132                <action android:name="android.intent.action.BOOT_COMPLETED" />
132-->[androidx.work:work-runtime:2.9.0] AndroidManifest.xml:117:17-79
132-->[androidx.work:work-runtime:2.9.0] AndroidManifest.xml:117:25-76
133                <action android:name="android.intent.action.TIME_SET" />
133-->[androidx.work:work-runtime:2.9.0] AndroidManifest.xml:118:17-73
133-->[androidx.work:work-runtime:2.9.0] AndroidManifest.xml:118:25-70
134                <action android:name="android.intent.action.TIMEZONE_CHANGED" />
134-->[androidx.work:work-runtime:2.9.0] AndroidManifest.xml:119:17-81
134-->[androidx.work:work-runtime:2.9.0] AndroidManifest.xml:119:25-78
135            </intent-filter>
136        </receiver>
137        <receiver
137-->[androidx.work:work-runtime:2.9.0] AndroidManifest.xml:122:9-131:20
138            android:name="androidx.work.impl.background.systemalarm.ConstraintProxyUpdateReceiver"
138-->[androidx.work:work-runtime:2.9.0] AndroidManifest.xml:123:13-99
139            android:directBootAware="false"
139-->[androidx.work:work-runtime:2.9.0] AndroidManifest.xml:124:13-44
140            android:enabled="@bool/enable_system_alarm_service_default"
140-->[androidx.work:work-runtime:2.9.0] AndroidManifest.xml:125:13-72
141            android:exported="false" >
141-->[androidx.work:work-runtime:2.9.0] AndroidManifest.xml:126:13-37
142            <intent-filter>
142-->[androidx.work:work-runtime:2.9.0] AndroidManifest.xml:128:13-130:29
143                <action android:name="androidx.work.impl.background.systemalarm.UpdateProxies" />
143-->[androidx.work:work-runtime:2.9.0] AndroidManifest.xml:129:17-98
143-->[androidx.work:work-runtime:2.9.0] AndroidManifest.xml:129:25-95
144            </intent-filter>
145        </receiver>
146        <receiver
146-->[androidx.work:work-runtime:2.9.0] AndroidManifest.xml:132:9-142:20
147            android:name="androidx.work.impl.diagnostics.DiagnosticsReceiver"
147-->[androidx.work:work-runtime:2.9.0] AndroidManifest.xml:133:13-78
148            android:directBootAware="false"
148-->[androidx.work:work-runtime:2.9.0] AndroidManifest.xml:134:13-44
149            android:enabled="true"
149-->[androidx.work:work-runtime:2.9.0] AndroidManifest.xml:135:13-35
150            android:exported="true"
150-->[androidx.work:work-runtime:2.9.0] AndroidManifest.xml:136:13-36
151            android:permission="android.permission.DUMP" >
151-->[androidx.work:work-runtime:2.9.0] AndroidManifest.xml:137:13-57
152            <intent-filter>
152-->[androidx.work:work-runtime:2.9.0] AndroidManifest.xml:139:13-141:29
153                <action android:name="androidx.work.diagnostics.REQUEST_DIAGNOSTICS" />
153-->[androidx.work:work-runtime:2.9.0] AndroidManifest.xml:140:17-88
153-->[androidx.work:work-runtime:2.9.0] AndroidManifest.xml:140:25-85
154            </intent-filter>
155        </receiver>
156
157        <service
157-->[androidx.room:room-runtime:2.6.1] AndroidManifest.xml:24:9-28:63
158            android:name="androidx.room.MultiInstanceInvalidationService"
158-->[androidx.room:room-runtime:2.6.1] AndroidManifest.xml:25:13-74
159            android:directBootAware="true"
159-->[androidx.room:room-runtime:2.6.1] AndroidManifest.xml:26:13-43
160            android:exported="false" />
160-->[androidx.room:room-runtime:2.6.1] AndroidManifest.xml:27:13-37
161
162        <provider
162-->[com.squareup.leakcanary:leakcanary-android-core:2.13] AndroidManifest.xml:32:9-40:20
163            android:name="leakcanary.internal.LeakCanaryFileProvider"
163-->[com.squareup.leakcanary:leakcanary-android-core:2.13] AndroidManifest.xml:33:13-70
164            android:authorities="com.squareup.leakcanary.fileprovider.com.example.researchtovideo"
164-->[com.squareup.leakcanary:leakcanary-android-core:2.13] AndroidManifest.xml:34:13-88
165            android:exported="false"
165-->[com.squareup.leakcanary:leakcanary-android-core:2.13] AndroidManifest.xml:35:13-37
166            android:grantUriPermissions="true" >
166-->[com.squareup.leakcanary:leakcanary-android-core:2.13] AndroidManifest.xml:36:13-47
167            <meta-data
167-->[com.squareup.leakcanary:leakcanary-android-core:2.13] AndroidManifest.xml:37:13-39:66
168                android:name="android.support.FILE_PROVIDER_PATHS"
168-->[com.squareup.leakcanary:leakcanary-android-core:2.13] AndroidManifest.xml:38:17-67
169                android:resource="@xml/leak_canary_file_paths" />
169-->[com.squareup.leakcanary:leakcanary-android-core:2.13] AndroidManifest.xml:39:17-63
170        </provider>
171
172        <activity
172-->[com.squareup.leakcanary:leakcanary-android-core:2.13] AndroidManifest.xml:42:9-73:20
173            android:name="leakcanary.internal.activity.LeakActivity"
173-->[com.squareup.leakcanary:leakcanary-android-core:2.13] AndroidManifest.xml:43:13-69
174            android:exported="true"
174-->[com.squareup.leakcanary:leakcanary-android-core:2.13] AndroidManifest.xml:44:13-36
175            android:icon="@mipmap/leak_canary_icon"
175-->[com.squareup.leakcanary:leakcanary-android-core:2.13] AndroidManifest.xml:45:13-52
176            android:label="@string/leak_canary_display_activity_label"
176-->[com.squareup.leakcanary:leakcanary-android-core:2.13] AndroidManifest.xml:46:13-71
177            android:taskAffinity="com.squareup.leakcanary.com.example.researchtovideo"
177-->[com.squareup.leakcanary:leakcanary-android-core:2.13] AndroidManifest.xml:47:13-76
178            android:theme="@style/leak_canary_LeakCanary.Base" >
178-->[com.squareup.leakcanary:leakcanary-android-core:2.13] AndroidManifest.xml:48:13-63
179            <intent-filter android:label="@string/leak_canary_import_hprof_file" >
179-->[com.squareup.leakcanary:leakcanary-android-core:2.13] AndroidManifest.xml:49:13-72:29
179-->[com.squareup.leakcanary:leakcanary-android-core:2.13] AndroidManifest.xml:49:28-81
180                <action android:name="android.intent.action.VIEW" />
180-->[com.squareup.leakcanary:leakcanary-android-core:2.13] AndroidManifest.xml:50:17-69
180-->[com.squareup.leakcanary:leakcanary-android-core:2.13] AndroidManifest.xml:50:25-66
181
182                <category android:name="android.intent.category.DEFAULT" />
182-->[com.squareup.leakcanary:leakcanary-android-core:2.13] AndroidManifest.xml:52:17-76
182-->[com.squareup.leakcanary:leakcanary-android-core:2.13] AndroidManifest.xml:52:27-73
183                <category android:name="android.intent.category.BROWSABLE" />
183-->[com.squareup.leakcanary:leakcanary-android-core:2.13] AndroidManifest.xml:53:17-78
183-->[com.squareup.leakcanary:leakcanary-android-core:2.13] AndroidManifest.xml:53:27-75
184
185                <data android:scheme="file" />
185-->[com.squareup.leakcanary:leakcanary-android-core:2.13] AndroidManifest.xml:55:17-47
185-->[com.squareup.leakcanary:leakcanary-android-core:2.13] AndroidManifest.xml:55:23-44
186                <data android:scheme="content" />
186-->[com.squareup.leakcanary:leakcanary-android-core:2.13] AndroidManifest.xml:55:17-47
186-->[com.squareup.leakcanary:leakcanary-android-core:2.13] AndroidManifest.xml:55:23-44
187                <data android:mimeType="*/*" />
187-->[com.squareup.leakcanary:leakcanary-android-core:2.13] AndroidManifest.xml:55:17-47
188                <data android:host="*" />
188-->[com.squareup.leakcanary:leakcanary-android-core:2.13] AndroidManifest.xml:55:17-47
189                <data android:pathPattern=".*\\.hprof" />
189-->[com.squareup.leakcanary:leakcanary-android-core:2.13] AndroidManifest.xml:55:17-47
190                <data android:pathPattern=".*\\..*\\.hprof" />
190-->[com.squareup.leakcanary:leakcanary-android-core:2.13] AndroidManifest.xml:55:17-47
191                <data android:pathPattern=".*\\..*\\..*\\.hprof" />
191-->[com.squareup.leakcanary:leakcanary-android-core:2.13] AndroidManifest.xml:55:17-47
192                <data android:pathPattern=".*\\..*\\..*\\..*\\.hprof" />
192-->[com.squareup.leakcanary:leakcanary-android-core:2.13] AndroidManifest.xml:55:17-47
193                <data android:pathPattern=".*\\..*\\..*\\..*\\..*\\.hprof" />
193-->[com.squareup.leakcanary:leakcanary-android-core:2.13] AndroidManifest.xml:55:17-47
194                <data android:pathPattern=".*\\..*\\..*\\..*\\..*\\..*\\.hprof" />
194-->[com.squareup.leakcanary:leakcanary-android-core:2.13] AndroidManifest.xml:55:17-47
195                <data android:pathPattern=".*\\..*\\..*\\..*\\..*\\..*\\..*\\.hprof" />
195-->[com.squareup.leakcanary:leakcanary-android-core:2.13] AndroidManifest.xml:55:17-47
196                <!--
197            Since hprof isn't a standard MIME type, we have to declare such patterns.
198            Most file providers will generate URIs including their own package name,
199            which contains `.` characters that must be explicitly escaped in pathPattern.
200            @see https://stackoverflow.com/a/31028507/703646
201                -->
202            </intent-filter>
203        </activity>
204
205        <activity-alias
205-->[com.squareup.leakcanary:leakcanary-android-core:2.13] AndroidManifest.xml:75:9-92:26
206            android:name="leakcanary.internal.activity.LeakLauncherActivity"
206-->[com.squareup.leakcanary:leakcanary-android-core:2.13] AndroidManifest.xml:76:13-77
207            android:banner="@drawable/leak_canary_tv_icon"
207-->[com.squareup.leakcanary:leakcanary-android-core:2.13] AndroidManifest.xml:77:13-59
208            android:enabled="@bool/leak_canary_add_launcher_icon"
208-->[com.squareup.leakcanary:leakcanary-android-core:2.13] AndroidManifest.xml:78:13-66
209            android:exported="true"
209-->[com.squareup.leakcanary:leakcanary-android-core:2.13] AndroidManifest.xml:79:13-36
210            android:icon="@mipmap/leak_canary_icon"
210-->[com.squareup.leakcanary:leakcanary-android-core:2.13] AndroidManifest.xml:80:13-52
211            android:label="@string/leak_canary_display_activity_label"
211-->[com.squareup.leakcanary:leakcanary-android-core:2.13] AndroidManifest.xml:81:13-71
212            android:targetActivity="leakcanary.internal.activity.LeakActivity"
212-->[com.squareup.leakcanary:leakcanary-android-core:2.13] AndroidManifest.xml:82:13-79
213            android:taskAffinity="com.squareup.leakcanary.com.example.researchtovideo"
213-->[com.squareup.leakcanary:leakcanary-android-core:2.13] AndroidManifest.xml:83:13-76
214            android:theme="@style/leak_canary_LeakCanary.Base" >
214-->[com.squareup.leakcanary:leakcanary-android-core:2.13] AndroidManifest.xml:84:13-63
215            <intent-filter>
215-->[com.squareup.leakcanary:leakcanary-android-core:2.13] AndroidManifest.xml:85:13-91:29
216                <action android:name="android.intent.action.MAIN" />
216-->src/main/AndroidManifest.xml:18:17-69
216-->src/main/AndroidManifest.xml:18:25-66
217
218                <category android:name="android.intent.category.LAUNCHER" />
218-->src/main/AndroidManifest.xml:19:17-77
218-->src/main/AndroidManifest.xml:19:27-74
219                <!-- Android TV launcher intent -->
220                <category android:name="android.intent.category.LEANBACK_LAUNCHER" />
220-->[com.squareup.leakcanary:leakcanary-android-core:2.13] AndroidManifest.xml:90:17-86
220-->[com.squareup.leakcanary:leakcanary-android-core:2.13] AndroidManifest.xml:90:27-83
221            </intent-filter>
222        </activity-alias>
223
224        <activity
224-->[com.squareup.leakcanary:leakcanary-android-core:2.13] AndroidManifest.xml:94:9-100:68
225            android:name="leakcanary.internal.RequestPermissionActivity"
225-->[com.squareup.leakcanary:leakcanary-android-core:2.13] AndroidManifest.xml:95:13-73
226            android:excludeFromRecents="true"
226-->[com.squareup.leakcanary:leakcanary-android-core:2.13] AndroidManifest.xml:96:13-46
227            android:icon="@mipmap/leak_canary_icon"
227-->[com.squareup.leakcanary:leakcanary-android-core:2.13] AndroidManifest.xml:97:13-52
228            android:label="@string/leak_canary_storage_permission_activity_label"
228-->[com.squareup.leakcanary:leakcanary-android-core:2.13] AndroidManifest.xml:98:13-82
229            android:taskAffinity="com.squareup.leakcanary.com.example.researchtovideo"
229-->[com.squareup.leakcanary:leakcanary-android-core:2.13] AndroidManifest.xml:99:13-76
230            android:theme="@style/leak_canary_Theme.Transparent" />
230-->[com.squareup.leakcanary:leakcanary-android-core:2.13] AndroidManifest.xml:100:13-65
231
232        <receiver android:name="leakcanary.internal.NotificationReceiver" />
232-->[com.squareup.leakcanary:leakcanary-android-core:2.13] AndroidManifest.xml:102:9-77
232-->[com.squareup.leakcanary:leakcanary-android-core:2.13] AndroidManifest.xml:102:19-74
233
234        <provider
234-->[com.squareup.leakcanary:leakcanary-object-watcher-android:2.13] AndroidManifest.xml:8:9-12:40
235            android:name="leakcanary.internal.MainProcessAppWatcherInstaller"
235-->[com.squareup.leakcanary:leakcanary-object-watcher-android:2.13] AndroidManifest.xml:9:13-78
236            android:authorities="com.example.researchtovideo.leakcanary-installer"
236-->[com.squareup.leakcanary:leakcanary-object-watcher-android:2.13] AndroidManifest.xml:10:13-72
237            android:enabled="@bool/leak_canary_watcher_auto_install"
237-->[com.squareup.leakcanary:leakcanary-object-watcher-android:2.13] AndroidManifest.xml:11:13-69
238            android:exported="false" />
238-->[com.squareup.leakcanary:leakcanary-object-watcher-android:2.13] AndroidManifest.xml:12:13-37
239        <provider
239-->[com.squareup.leakcanary:plumber-android:2.13] AndroidManifest.xml:8:9-12:40
240            android:name="leakcanary.internal.PlumberInstaller"
240-->[com.squareup.leakcanary:plumber-android:2.13] AndroidManifest.xml:9:13-64
241            android:authorities="com.example.researchtovideo.plumber-installer"
241-->[com.squareup.leakcanary:plumber-android:2.13] AndroidManifest.xml:10:13-69
242            android:enabled="@bool/leak_canary_plumber_auto_install"
242-->[com.squareup.leakcanary:plumber-android:2.13] AndroidManifest.xml:11:13-69
243            android:exported="false" />
243-->[com.squareup.leakcanary:plumber-android:2.13] AndroidManifest.xml:12:13-37
244
245        <receiver
245-->[androidx.profileinstaller:profileinstaller:1.3.1] AndroidManifest.xml:34:9-52:20
246            android:name="androidx.profileinstaller.ProfileInstallReceiver"
246-->[androidx.profileinstaller:profileinstaller:1.3.1] AndroidManifest.xml:35:13-76
247            android:directBootAware="false"
247-->[androidx.profileinstaller:profileinstaller:1.3.1] AndroidManifest.xml:36:13-44
248            android:enabled="true"
248-->[androidx.profileinstaller:profileinstaller:1.3.1] AndroidManifest.xml:37:13-35
249            android:exported="true"
249-->[androidx.profileinstaller:profileinstaller:1.3.1] AndroidManifest.xml:38:13-36
250            android:permission="android.permission.DUMP" >
250-->[androidx.profileinstaller:profileinstaller:1.3.1] AndroidManifest.xml:39:13-57
251            <intent-filter>
251-->[androidx.profileinstaller:profileinstaller:1.3.1] AndroidManifest.xml:40:13-42:29
252                <action android:name="androidx.profileinstaller.action.INSTALL_PROFILE" />
252-->[androidx.profileinstaller:profileinstaller:1.3.1] AndroidManifest.xml:41:17-91
252-->[androidx.profileinstaller:profileinstaller:1.3.1] AndroidManifest.xml:41:25-88
253            </intent-filter>
254            <intent-filter>
254-->[androidx.profileinstaller:profileinstaller:1.3.1] AndroidManifest.xml:43:13-45:29